<?xml version="1.0" encoding="UTF-8"?>
<testng-results skipped="0" failed="0" ignored="0" total="2" passed="2">
  <reporter-output>
  </reporter-output>
  <suite name="Default suite" duration-ms="34916" started-at="2019-10-01T10:35:44Z" finished-at="2019-10-01T10:36:19Z">
    <groups>
    </groups>
    <test name="Default test" duration-ms="34916" started-at="2019-10-01T10:35:44Z" finished-at="2019-10-01T10:36:19Z">
      <class name="appium.demo.Tests">
        <test-method status="PASS" signature="setup()[pri:0, instance:appium.demo.Tests@56235b8e]" name="setup" is-config="true" duration-ms="9192" started-at="2019-10-01T16:05:44Z" finished-at="2019-10-01T16:05:53Z">
          <reporter-output>
          </reporter-output>
        </test-method> <!-- setup -->
        <test-method status="PASS" signature="testOne()[pri:0, instance:appium.demo.Tests@56235b8e]" name="testOne" duration-ms="20239" started-at="2019-10-01T16:05:53Z" finished-at="2019-10-01T16:06:14Z">
          <reporter-output>
          </reporter-output>
        </test-method> <!-- testOne -->
        <test-method status="PASS" signature="testtwo()[pri:0, instance:appium.demo.Tests@56235b8e]" name="testtwo" duration-ms="5433" started-at="2019-10-01T16:06:14Z" finished-at="2019-10-01T16:06:19Z">
          <reporter-output>
          </reporter-output>
        </test-method> <!-- testtwo -->
      </class> <!-- appium.demo.Tests -->
    </test> <!-- Default test -->
  </suite> <!-- Default suite -->
</testng-results>
